points/build-f04-isolated/intermediates/manifest_merge_blame_file/debug/processDebugManifest/manifest-merger-blame-debug-report.txt
1<?xml version="1.0" encoding="utf-8"?>
2<manifest xmlns:android="http://schemas.android.com/apk/res/android"
3    package="com.adsamcik.tracker.points" >
4
5    <uses-sdk android:minSdkVersion="26" />
5-->INJECTED
5-->INJECTED
6
7    <uses-permission android:name="${applicationId}.permission.TRACKER" />
7-->src\main\AndroidManifest.xml:4:5-75
7-->src\main\AndroidManifest.xml:4:22-72
8
9</manifest>